The system is: Linux - 3.10.0-1160.83.1.1chaos.ch6.x86_64 - x86_64
Compiling the CXX compiler identification source file "CMakeCXXCompilerId.cpp" succeeded.
Compiler: /usr/projects/hpcsoft/toss3/common/x86_64/gcc/10.3.0/bin/g++ 
Build flags: 
Id flags:  

The output was:
0


Compilation of the CXX compiler identification source "CMakeCXXCompilerId.cpp" produced "a.out"

The CXX compiler identification is GNU, found in "/users/mlazaric/WMP/build/CMakeFiles/3.22.3/CompilerIdCXX/a.out"

Detecting CXX compiler ABI info compiled with the following output:
Change Dir: /users/mlazaric/WMP/build/CMakeFiles/CMakeTmp

Run Build Command(s):/usr/bin/gmake -f Makefile cmTC_042f7/fast && /usr/bin/gmake  -f CMakeFiles/cmTC_042f7.dir/build.make CMakeFiles/cmTC_042f7.dir/build
gmake[1]: Entering directory `/yellow/users/mlazaric/WMP/build/CMakeFiles/CMakeTmp'
Building CXX object CMakeFiles/cmTC_042f7.dir/CMakeCXXCompilerABI.cpp.o
/usr/projects/hpcsoft/toss3/common/x86_64/gcc/10.3.0/bin/g++   -v -o CMakeFiles/cmTC_042f7.dir/CMakeCXXCompilerABI.cpp.o -c /yellow/usr/projects/hpcsoft/toss3/common/x86_64/cmake/3.22.3/share/cmake-3.22/Modules/CMakeCXXCompilerABI.cpp
Using built-in specs.
COLLECT_GCC=/usr/projects/hpcsoft/toss3/common/x86_64/gcc/10.3.0/bin/g++
OFFLOAD_TARGET_NAMES=nvptx-none
Target: x86_64-pc-linux-gnu
Configured with: ../gcc-10.3.0/configure --enable-threads=posix --enable-__cxa_atexit --enable-lto --enable-checking=release --disable-multilib --enable-languages=c,c++,fortran,go --enable-offload-targets=nvptx-none --prefix=/usr/projects/hpcsoft/toss3/common/x86_64/gcc/10.3.0
Thread model: posix
Supported LTO compression algorithms: zlib
gcc version 10.3.0 (GCC) 
COLLECT_GCC_OPTIONS='-v' '-o' 'CMakeFiles/cmTC_042f7.dir/CMakeCXXCompilerABI.cpp.o' '-c' '-shared-libgcc' '-mtune=generic' '-march=x86-64'
 /yellow/usr/projects/hpcsoft/toss3/common/x86_64/gcc/10.3.0/bin/../libexec/gcc/x86_64-pc-linux-gnu/10.3.0/cc1plus -quiet -v -iprefix /yellow/usr/projects/hpcsoft/toss3/common/x86_64/gcc/10.3.0/bin/../lib/gcc/x86_64-pc-linux-gnu/10.3.0/ -D_GNU_SOURCE /yellow/usr/projects/hpcsoft/toss3/common/x86_64/cmake/3.22.3/share/cmake-3.22/Modules/CMakeCXXCompilerABI.cpp -quiet -dumpbase CMakeCXXCompilerABI.cpp -mtune=generic -march=x86-64 -auxbase-strip CMakeFiles/cmTC_042f7.dir/CMakeCXXCompilerABI.cpp.o -version -o /tmp/cc0MwIxW.s
GNU C++14 (GCC) version 10.3.0 (x86_64-pc-linux-gnu)
	compiled by GNU C version 10.3.0, GMP version 6.1.0, MPFR version 3.1.4, MPC version 1.0.3, isl version isl-0.18-GMP

GGC heuristics: --param ggc-min-expand=100 --param ggc-min-heapsize=131072
ignoring nonexistent directory "/yellow/usr/projects/hpcsoft/toss3/common/x86_64/gcc/10.3.0/bin/../lib/gcc/x86_64-pc-linux-gnu/10.3.0/../../../../x86_64-pc-linux-gnu/include"
ignoring duplicate directory "/yellow/usr/projects/hpcsoft/toss3/common/x86_64/gcc/10.3.0/bin/../lib/gcc/../../lib/gcc/x86_64-pc-linux-gnu/10.3.0/../../../../include/c++/10.3.0"
ignoring duplicate directory "/yellow/usr/projects/hpcsoft/toss3/common/x86_64/gcc/10.3.0/bin/../lib/gcc/../../lib/gcc/x86_64-pc-linux-gnu/10.3.0/../../../../include/c++/10.3.0/x86_64-pc-linux-gnu"
ignoring duplicate directory "/yellow/usr/projects/hpcsoft/toss3/common/x86_64/gcc/10.3.0/bin/../lib/gcc/../../lib/gcc/x86_64-pc-linux-gnu/10.3.0/../../../../include/c++/10.3.0/backward"
ignoring duplicate directory "/yellow/usr/projects/hpcsoft/toss3/common/x86_64/gcc/10.3.0/bin/../lib/gcc/../../lib/gcc/x86_64-pc-linux-gnu/10.3.0/include"
ignoring duplicate directory "/yellow/usr/projects/hpcsoft/toss3/common/x86_64/gcc/10.3.0/bin/../lib/gcc/../../lib/gcc/x86_64-pc-linux-gnu/10.3.0/include-fixed"
ignoring nonexistent directory "/yellow/usr/projects/hpcsoft/toss3/common/x86_64/gcc/10.3.0/bin/../lib/gcc/../../lib/gcc/x86_64-pc-linux-gnu/10.3.0/../../../../x86_64-pc-linux-gnu/include"
#include "..." search starts here:
#include <...> search starts here:
 /usr/projects/hpcsoft/toss3/common/hdf5/1.10.7_gcc-10.3.0/include
 /yellow/usr/projects/hpcsoft/toss3/common/x86_64/gcc/10.3.0/bin/../lib/gcc/x86_64-pc-linux-gnu/10.3.0/../../../../include/c++/10.3.0
 /yellow/usr/projects/hpcsoft/toss3/common/x86_64/gcc/10.3.0/bin/../lib/gcc/x86_64-pc-linux-gnu/10.3.0/../../../../include/c++/10.3.0/x86_64-pc-linux-gnu
 /yellow/usr/projects/hpcsoft/toss3/common/x86_64/gcc/10.3.0/bin/../lib/gcc/x86_64-pc-linux-gnu/10.3.0/../../../../include/c++/10.3.0/backward
 /yellow/usr/projects/hpcsoft/toss3/common/x86_64/gcc/10.3.0/bin/../lib/gcc/x86_64-pc-linux-gnu/10.3.0/include
 /yellow/usr/projects/hpcsoft/toss3/common/x86_64/gcc/10.3.0/bin/../lib/gcc/x86_64-pc-linux-gnu/10.3.0/include-fixed
 /usr/local/include
 /yellow/usr/projects/hpcsoft/toss3/common/x86_64/gcc/10.3.0/bin/../lib/gcc/../../include
 /usr/include
End of search list.
GNU C++14 (GCC) version 10.3.0 (x86_64-pc-linux-gnu)
	compiled by GNU C version 10.3.0, GMP version 6.1.0, MPFR version 3.1.4, MPC version 1.0.3, isl version isl-0.18-GMP

GGC heuristics: --param ggc-min-expand=100 --param ggc-min-heapsize=131072
Compiler executable checksum: dd6a086d89f935690b9d597c99a7f113
COLLECT_GCC_OPTIONS='-v' '-o' 'CMakeFiles/cmTC_042f7.dir/CMakeCXXCompilerABI.cpp.o' '-c' '-shared-libgcc' '-mtune=generic' '-march=x86-64'
 as -v --64 -o CMakeFiles/cmTC_042f7.dir/CMakeCXXCompilerABI.cpp.o /tmp/cc0MwIxW.s
GNU assembler version 2.27 (x86_64-redhat-linux) using BFD version version 2.27-44.base.el7_9.1
COMPILER_PATH=/yellow/usr/projects/hpcsoft/toss3/common/x86_64/gcc/10.3.0/bin/../libexec/gcc/x86_64-pc-linux-gnu/10.3.0/:/yellow/usr/projects/hpcsoft/toss3/common/x86_64/gcc/10.3.0/bin/../libexec/gcc/
LIBRARY_PATH=/yellow/usr/projects/hpcsoft/toss3/common/x86_64/gcc/10.3.0/bin/../lib/gcc/x86_64-pc-linux-gnu/10.3.0/:/yellow/usr/projects/hpcsoft/toss3/common/x86_64/gcc/10.3.0/bin/../lib/gcc/:/yellow/usr/projects/hpcsoft/toss3/common/x86_64/gcc/10.3.0/bin/../lib/gcc/x86_64-pc-linux-gnu/10.3.0/../../../../lib64/:/lib/../lib64/:/usr/lib/../lib64/:/yellow/usr/projects/hpcsoft/toss3/common/x86_64/gcc/10.3.0/bin/../lib/gcc/x86_64-pc-linux-gnu/10.3.0/../../../:/lib/:/usr/lib/
COLLECT_GCC_OPTIONS='-v' '-o' 'CMakeFiles/cmTC_042f7.dir/CMakeCXXCompilerABI.cpp.o' '-c' '-shared-libgcc' '-mtune=generic' '-march=x86-64'
Linking CXX executable cmTC_042f7
/yellow/usr/projects/hpcsoft/toss3/common/x86_64/cmake/3.22.3/bin/cmake -E cmake_link_script CMakeFiles/cmTC_042f7.dir/link.txt --verbose=1
/usr/projects/hpcsoft/toss3/common/x86_64/gcc/10.3.0/bin/g++  -v CMakeFiles/cmTC_042f7.dir/CMakeCXXCompilerABI.cpp.o -o cmTC_042f7 
Using built-in specs.
COLLECT_GCC=/usr/projects/hpcsoft/toss3/common/x86_64/gcc/10.3.0/bin/g++
COLLECT_LTO_WRAPPER=/yellow/usr/projects/hpcsoft/toss3/common/x86_64/gcc/10.3.0/bin/../libexec/gcc/x86_64-pc-linux-gnu/10.3.0/lto-wrapper
OFFLOAD_TARGET_NAMES=nvptx-none
Target: x86_64-pc-linux-gnu
Configured with: ../gcc-10.3.0/configure --enable-threads=posix --enable-__cxa_atexit --enable-lto --enable-checking=release --disable-multilib --enable-languages=c,c++,fortran,go --enable-offload-targets=nvptx-none --prefix=/usr/projects/hpcsoft/toss3/common/x86_64/gcc/10.3.0
Thread model: posix
Supported LTO compression algorithms: zlib
gcc version 10.3.0 (GCC) 
COMPILER_PATH=/yellow/usr/projects/hpcsoft/toss3/common/x86_64/gcc/10.3.0/bin/../libexec/gcc/x86_64-pc-linux-gnu/10.3.0/:/yellow/usr/projects/hpcsoft/toss3/common/x86_64/gcc/10.3.0/bin/../libexec/gcc/
LIBRARY_PATH=/yellow/usr/projects/hpcsoft/toss3/common/x86_64/gcc/10.3.0/bin/../lib/gcc/x86_64-pc-linux-gnu/10.3.0/:/yellow/usr/projects/hpcsoft/toss3/common/x86_64/gcc/10.3.0/bin/../lib/gcc/:/yellow/usr/projects/hpcsoft/toss3/common/x86_64/gcc/10.3.0/bin/../lib/gcc/x86_64-pc-linux-gnu/10.3.0/../../../../lib64/:/lib/../lib64/:/usr/lib/../lib64/:/yellow/usr/projects/hpcsoft/toss3/common/x86_64/gcc/10.3.0/bin/../lib/gcc/x86_64-pc-linux-gnu/10.3.0/../../../:/lib/:/usr/lib/
COLLECT_GCC_OPTIONS='-v' '-o' 'cmTC_042f7' '-shared-libgcc' '-mtune=generic' '-march=x86-64'
 /yellow/usr/projects/hpcsoft/toss3/common/x86_64/gcc/10.3.0/bin/../libexec/gcc/x86_64-pc-linux-gnu/10.3.0/collect2 -plugin /yellow/usr/projects/hpcsoft/toss3/common/x86_64/gcc/10.3.0/bin/../libexec/gcc/x86_64-pc-linux-gnu/10.3.0/liblto_plugin.so -plugin-opt=/yellow/usr/projects/hpcsoft/toss3/common/x86_64/gcc/10.3.0/bin/../libexec/gcc/x86_64-pc-linux-gnu/10.3.0/lto-wrapper -plugin-opt=-fresolution=/tmp/ccyaiceN.res -plugin-opt=-pass-through=-lgcc_s -plugin-opt=-pass-through=-lgcc -plugin-opt=-pass-through=-lc -plugin-opt=-pass-through=-lgcc_s -plugin-opt=-pass-through=-lgcc --eh-frame-hdr -m elf_x86_64 -dynamic-linker /lib64/ld-linux-x86-64.so.2 -o cmTC_042f7 /lib/../lib64/crt1.o /lib/../lib64/crti.o /yellow/usr/projects/hpcsoft/toss3/common/x86_64/gcc/10.3.0/bin/../lib/gcc/x86_64-pc-linux-gnu/10.3.0/crtbegin.o -L/yellow/usr/projects/hpcsoft/toss3/common/x86_64/gcc/10.3.0/bin/../lib/gcc/x86_64-pc-linux-gnu/10.3.0 -L/yellow/usr/projects/hpcsoft/toss3/common/x86_64/gcc/10.3.0/bin/../lib/gcc -L/yellow/usr/projects/hpcsoft/toss3/common/x86_64/gcc/10.3.0/bin/../lib/gcc/x86_64-pc-linux-gnu/10.3.0/../../../../lib64 -L/lib/../lib64 -L/usr/lib/../lib64 -L/yellow/usr/projects/hpcsoft/toss3/common/x86_64/gcc/10.3.0/bin/../lib/gcc/x86_64-pc-linux-gnu/10.3.0/../../.. CMakeFiles/cmTC_042f7.dir/CMakeCXXCompilerABI.cpp.o -lstdc++ -lm -lgcc_s -lgcc -lc -lgcc_s -lgcc /yellow/usr/projects/hpcsoft/toss3/common/x86_64/gcc/10.3.0/bin/../lib/gcc/x86_64-pc-linux-gnu/10.3.0/crtend.o /lib/../lib64/crtn.o
COLLECT_GCC_OPTIONS='-v' '-o' 'cmTC_042f7' '-shared-libgcc' '-mtune=generic' '-march=x86-64'
gmake[1]: Leaving directory `/yellow/users/mlazaric/WMP/build/CMakeFiles/CMakeTmp'



Parsed CXX implicit include dir info from above output: rv=done
  found start of include info
  found start of implicit include info
    add: [/usr/projects/hpcsoft/toss3/common/hdf5/1.10.7_gcc-10.3.0/include]
    add: [/yellow/usr/projects/hpcsoft/toss3/common/x86_64/gcc/10.3.0/bin/../lib/gcc/x86_64-pc-linux-gnu/10.3.0/../../../../include/c++/10.3.0]
    add: [/yellow/usr/projects/hpcsoft/toss3/common/x86_64/gcc/10.3.0/bin/../lib/gcc/x86_64-pc-linux-gnu/10.3.0/../../../../include/c++/10.3.0/x86_64-pc-linux-gnu]
    add: [/yellow/usr/projects/hpcsoft/toss3/common/x86_64/gcc/10.3.0/bin/../lib/gcc/x86_64-pc-linux-gnu/10.3.0/../../../../include/c++/10.3.0/backward]
    add: [/yellow/usr/projects/hpcsoft/toss3/common/x86_64/gcc/10.3.0/bin/../lib/gcc/x86_64-pc-linux-gnu/10.3.0/include]
    add: [/yellow/usr/projects/hpcsoft/toss3/common/x86_64/gcc/10.3.0/bin/../lib/gcc/x86_64-pc-linux-gnu/10.3.0/include-fixed]
    add: [/usr/local/include]
    add: [/yellow/usr/projects/hpcsoft/toss3/common/x86_64/gcc/10.3.0/bin/../lib/gcc/../../include]
    add: [/usr/include]
  end of search list found
  collapse include dir [/usr/projects/hpcsoft/toss3/common/hdf5/1.10.7_gcc-10.3.0/include] ==> [/usr/projects/hpcsoft/toss3/common/hdf5/1.10.7_gcc-10.3.0/include]
  collapse include dir [/yellow/usr/projects/hpcsoft/toss3/common/x86_64/gcc/10.3.0/bin/../lib/gcc/x86_64-pc-linux-gnu/10.3.0/../../../../include/c++/10.3.0] ==> [/yellow/usr/projects/hpcsoft/toss3/common/x86_64/gcc/10.3.0/include/c++/10.3.0]
  collapse include dir [/yellow/usr/projects/hpcsoft/toss3/common/x86_64/gcc/10.3.0/bin/../lib/gcc/x86_64-pc-linux-gnu/10.3.0/../../../../include/c++/10.3.0/x86_64-pc-linux-gnu] ==> [/yellow/usr/projects/hpcsoft/toss3/common/x86_64/gcc/10.3.0/include/c++/10.3.0/x86_64-pc-linux-gnu]
  collapse include dir [/yellow/usr/projects/hpcsoft/toss3/common/x86_64/gcc/10.3.0/bin/../lib/gcc/x86_64-pc-linux-gnu/10.3.0/../../../../include/c++/10.3.0/backward] ==> [/yellow/usr/projects/hpcsoft/toss3/common/x86_64/gcc/10.3.0/include/c++/10.3.0/backward]
  collapse include dir [/yellow/usr/projects/hpcsoft/toss3/common/x86_64/gcc/10.3.0/bin/../lib/gcc/x86_64-pc-linux-gnu/10.3.0/include] ==> [/yellow/usr/projects/hpcsoft/toss3/common/x86_64/gcc/10.3.0/lib/gcc/x86_64-pc-linux-gnu/10.3.0/include]
  collapse include dir [/yellow/usr/projects/hpcsoft/toss3/common/x86_64/gcc/10.3.0/bin/../lib/gcc/x86_64-pc-linux-gnu/10.3.0/include-fixed] ==> [/yellow/usr/projects/hpcsoft/toss3/common/x86_64/gcc/10.3.0/lib/gcc/x86_64-pc-linux-gnu/10.3.0/include-fixed]
  collapse include dir [/usr/local/include] ==> [/usr/local/include]
  collapse include dir [/yellow/usr/projects/hpcsoft/toss3/common/x86_64/gcc/10.3.0/bin/../lib/gcc/../../include] ==> [/yellow/usr/projects/hpcsoft/toss3/common/x86_64/gcc/10.3.0/include]
  collapse include dir [/usr/include] ==> [/usr/include]
  implicit include dirs: [/usr/projects/hpcsoft/toss3/common/hdf5/1.10.7_gcc-10.3.0/include;/yellow/usr/projects/hpcsoft/toss3/common/x86_64/gcc/10.3.0/include/c++/10.3.0;/yellow/usr/projects/hpcsoft/toss3/common/x86_64/gcc/10.3.0/include/c++/10.3.0/x86_64-pc-linux-gnu;/yellow/usr/projects/hpcsoft/toss3/common/x86_64/gcc/10.3.0/include/c++/10.3.0/backward;/yellow/usr/projects/hpcsoft/toss3/common/x86_64/gcc/10.3.0/lib/gcc/x86_64-pc-linux-gnu/10.3.0/include;/yellow/usr/projects/hpcsoft/toss3/common/x86_64/gcc/10.3.0/lib/gcc/x86_64-pc-linux-gnu/10.3.0/include-fixed;/usr/local/include;/yellow/usr/projects/hpcsoft/toss3/common/x86_64/gcc/10.3.0/include;/usr/include]


Parsed CXX implicit link information from above output:
  link line regex: [^( *|.*[/\])(ld|CMAKE_LINK_STARTFILE-NOTFOUND|([^/\]+-)?ld|collect2)[^/\]*( |$)]
  ignore line: [Change Dir: /users/mlazaric/WMP/build/CMakeFiles/CMakeTmp]
  ignore line: []
  ignore line: [Run Build Command(s):/usr/bin/gmake -f Makefile cmTC_042f7/fast && /usr/bin/gmake  -f CMakeFiles/cmTC_042f7.dir/build.make CMakeFiles/cmTC_042f7.dir/build]
  ignore line: [gmake[1]: Entering directory `/yellow/users/mlazaric/WMP/build/CMakeFiles/CMakeTmp']
  ignore line: [Building CXX object CMakeFiles/cmTC_042f7.dir/CMakeCXXCompilerABI.cpp.o]
  ignore line: [/usr/projects/hpcsoft/toss3/common/x86_64/gcc/10.3.0/bin/g++   -v -o CMakeFiles/cmTC_042f7.dir/CMakeCXXCompilerABI.cpp.o -c /yellow/usr/projects/hpcsoft/toss3/common/x86_64/cmake/3.22.3/share/cmake-3.22/Modules/CMakeCXXCompilerABI.cpp]
  ignore line: [Using built-in specs.]
  ignore line: [COLLECT_GCC=/usr/projects/hpcsoft/toss3/common/x86_64/gcc/10.3.0/bin/g++]
  ignore line: [OFFLOAD_TARGET_NAMES=nvptx-none]
  ignore line: [Target: x86_64-pc-linux-gnu]
  ignore line: [Configured with: ../gcc-10.3.0/configure --enable-threads=posix --enable-__cxa_atexit --enable-lto --enable-checking=release --disable-multilib --enable-languages=c c++ fortran go --enable-offload-targets=nvptx-none --prefix=/usr/projects/hpcsoft/toss3/common/x86_64/gcc/10.3.0]
  ignore line: [Thread model: posix]
  ignore line: [Supported LTO compression algorithms: zlib]
  ignore line: [gcc version 10.3.0 (GCC) ]
  ignore line: [COLLECT_GCC_OPTIONS='-v' '-o' 'CMakeFiles/cmTC_042f7.dir/CMakeCXXCompilerABI.cpp.o' '-c' '-shared-libgcc' '-mtune=generic' '-march=x86-64']
  ignore line: [ /yellow/usr/projects/hpcsoft/toss3/common/x86_64/gcc/10.3.0/bin/../libexec/gcc/x86_64-pc-linux-gnu/10.3.0/cc1plus -quiet -v -iprefix /yellow/usr/projects/hpcsoft/toss3/common/x86_64/gcc/10.3.0/bin/../lib/gcc/x86_64-pc-linux-gnu/10.3.0/ -D_GNU_SOURCE /yellow/usr/projects/hpcsoft/toss3/common/x86_64/cmake/3.22.3/share/cmake-3.22/Modules/CMakeCXXCompilerABI.cpp -quiet -dumpbase CMakeCXXCompilerABI.cpp -mtune=generic -march=x86-64 -auxbase-strip CMakeFiles/cmTC_042f7.dir/CMakeCXXCompilerABI.cpp.o -version -o /tmp/cc0MwIxW.s]
  ignore line: [GNU C++14 (GCC) version 10.3.0 (x86_64-pc-linux-gnu)]
  ignore line: [	compiled by GNU C version 10.3.0  GMP version 6.1.0  MPFR version 3.1.4  MPC version 1.0.3  isl version isl-0.18-GMP]
  ignore line: []
  ignore line: [GGC heuristics: --param ggc-min-expand=100 --param ggc-min-heapsize=131072]
  ignore line: [ignoring nonexistent directory "/yellow/usr/projects/hpcsoft/toss3/common/x86_64/gcc/10.3.0/bin/../lib/gcc/x86_64-pc-linux-gnu/10.3.0/../../../../x86_64-pc-linux-gnu/include"]
  ignore line: [ignoring duplicate directory "/yellow/usr/projects/hpcsoft/toss3/common/x86_64/gcc/10.3.0/bin/../lib/gcc/../../lib/gcc/x86_64-pc-linux-gnu/10.3.0/../../../../include/c++/10.3.0"]
  ignore line: [ignoring duplicate directory "/yellow/usr/projects/hpcsoft/toss3/common/x86_64/gcc/10.3.0/bin/../lib/gcc/../../lib/gcc/x86_64-pc-linux-gnu/10.3.0/../../../../include/c++/10.3.0/x86_64-pc-linux-gnu"]
  ignore line: [ignoring duplicate directory "/yellow/usr/projects/hpcsoft/toss3/common/x86_64/gcc/10.3.0/bin/../lib/gcc/../../lib/gcc/x86_64-pc-linux-gnu/10.3.0/../../../../include/c++/10.3.0/backward"]
  ignore line: [ignoring duplicate directory "/yellow/usr/projects/hpcsoft/toss3/common/x86_64/gcc/10.3.0/bin/../lib/gcc/../../lib/gcc/x86_64-pc-linux-gnu/10.3.0/include"]
  ignore line: [ignoring duplicate directory "/yellow/usr/projects/hpcsoft/toss3/common/x86_64/gcc/10.3.0/bin/../lib/gcc/../../lib/gcc/x86_64-pc-linux-gnu/10.3.0/include-fixed"]
  ignore line: [ignoring nonexistent directory "/yellow/usr/projects/hpcsoft/toss3/common/x86_64/gcc/10.3.0/bin/../lib/gcc/../../lib/gcc/x86_64-pc-linux-gnu/10.3.0/../../../../x86_64-pc-linux-gnu/include"]
  ignore line: [#include "..." search starts here:]
  ignore line: [#include <...> search starts here:]
  ignore line: [ /usr/projects/hpcsoft/toss3/common/hdf5/1.10.7_gcc-10.3.0/include]
  ignore line: [ /yellow/usr/projects/hpcsoft/toss3/common/x86_64/gcc/10.3.0/bin/../lib/gcc/x86_64-pc-linux-gnu/10.3.0/../../../../include/c++/10.3.0]
  ignore line: [ /yellow/usr/projects/hpcsoft/toss3/common/x86_64/gcc/10.3.0/bin/../lib/gcc/x86_64-pc-linux-gnu/10.3.0/../../../../include/c++/10.3.0/x86_64-pc-linux-gnu]
  ignore line: [ /yellow/usr/projects/hpcsoft/toss3/common/x86_64/gcc/10.3.0/bin/../lib/gcc/x86_64-pc-linux-gnu/10.3.0/../../../../include/c++/10.3.0/backward]
  ignore line: [ /yellow/usr/projects/hpcsoft/toss3/common/x86_64/gcc/10.3.0/bin/../lib/gcc/x86_64-pc-linux-gnu/10.3.0/include]
  ignore line: [ /yellow/usr/projects/hpcsoft/toss3/common/x86_64/gcc/10.3.0/bin/../lib/gcc/x86_64-pc-linux-gnu/10.3.0/include-fixed]
  ignore line: [ /usr/local/include]
  ignore line: [ /yellow/usr/projects/hpcsoft/toss3/common/x86_64/gcc/10.3.0/bin/../lib/gcc/../../include]
  ignore line: [ /usr/include]
  ignore line: [End of search list.]
  ignore line: [GNU C++14 (GCC) version 10.3.0 (x86_64-pc-linux-gnu)]
  ignore line: [	compiled by GNU C version 10.3.0  GMP version 6.1.0  MPFR version 3.1.4  MPC version 1.0.3  isl version isl-0.18-GMP]
  ignore line: []
  ignore line: [GGC heuristics: --param ggc-min-expand=100 --param ggc-min-heapsize=131072]
  ignore line: [Compiler executable checksum: dd6a086d89f935690b9d597c99a7f113]
  ignore line: [COLLECT_GCC_OPTIONS='-v' '-o' 'CMakeFiles/cmTC_042f7.dir/CMakeCXXCompilerABI.cpp.o' '-c' '-shared-libgcc' '-mtune=generic' '-march=x86-64']
  ignore line: [ as -v --64 -o CMakeFiles/cmTC_042f7.dir/CMakeCXXCompilerABI.cpp.o /tmp/cc0MwIxW.s]
  ignore line: [GNU assembler version 2.27 (x86_64-redhat-linux) using BFD version version 2.27-44.base.el7_9.1]
  ignore line: [COMPILER_PATH=/yellow/usr/projects/hpcsoft/toss3/common/x86_64/gcc/10.3.0/bin/../libexec/gcc/x86_64-pc-linux-gnu/10.3.0/:/yellow/usr/projects/hpcsoft/toss3/common/x86_64/gcc/10.3.0/bin/../libexec/gcc/]
  ignore line: [LIBRARY_PATH=/yellow/usr/projects/hpcsoft/toss3/common/x86_64/gcc/10.3.0/bin/../lib/gcc/x86_64-pc-linux-gnu/10.3.0/:/yellow/usr/projects/hpcsoft/toss3/common/x86_64/gcc/10.3.0/bin/../lib/gcc/:/yellow/usr/projects/hpcsoft/toss3/common/x86_64/gcc/10.3.0/bin/../lib/gcc/x86_64-pc-linux-gnu/10.3.0/../../../../lib64/:/lib/../lib64/:/usr/lib/../lib64/:/yellow/usr/projects/hpcsoft/toss3/common/x86_64/gcc/10.3.0/bin/../lib/gcc/x86_64-pc-linux-gnu/10.3.0/../../../:/lib/:/usr/lib/]
  ignore line: [COLLECT_GCC_OPTIONS='-v' '-o' 'CMakeFiles/cmTC_042f7.dir/CMakeCXXCompilerABI.cpp.o' '-c' '-shared-libgcc' '-mtune=generic' '-march=x86-64']
  ignore line: [Linking CXX executable cmTC_042f7]
  ignore line: [/yellow/usr/projects/hpcsoft/toss3/common/x86_64/cmake/3.22.3/bin/cmake -E cmake_link_script CMakeFiles/cmTC_042f7.dir/link.txt --verbose=1]
  ignore line: [/usr/projects/hpcsoft/toss3/common/x86_64/gcc/10.3.0/bin/g++  -v CMakeFiles/cmTC_042f7.dir/CMakeCXXCompilerABI.cpp.o -o cmTC_042f7 ]
  ignore line: [Using built-in specs.]
  ignore line: [COLLECT_GCC=/usr/projects/hpcsoft/toss3/common/x86_64/gcc/10.3.0/bin/g++]
  ignore line: [COLLECT_LTO_WRAPPER=/yellow/usr/projects/hpcsoft/toss3/common/x86_64/gcc/10.3.0/bin/../libexec/gcc/x86_64-pc-linux-gnu/10.3.0/lto-wrapper]
  ignore line: [OFFLOAD_TARGET_NAMES=nvptx-none]
  ignore line: [Target: x86_64-pc-linux-gnu]
  ignore line: [Configured with: ../gcc-10.3.0/configure --enable-threads=posix --enable-__cxa_atexit --enable-lto --enable-checking=release --disable-multilib --enable-languages=c c++ fortran go --enable-offload-targets=nvptx-none --prefix=/usr/projects/hpcsoft/toss3/common/x86_64/gcc/10.3.0]
  ignore line: [Thread model: posix]
  ignore line: [Supported LTO compression algorithms: zlib]
  ignore line: [gcc version 10.3.0 (GCC) ]
  ignore line: [COMPILER_PATH=/yellow/usr/projects/hpcsoft/toss3/common/x86_64/gcc/10.3.0/bin/../libexec/gcc/x86_64-pc-linux-gnu/10.3.0/:/yellow/usr/projects/hpcsoft/toss3/common/x86_64/gcc/10.3.0/bin/../libexec/gcc/]
  ignore line: [LIBRARY_PATH=/yellow/usr/projects/hpcsoft/toss3/common/x86_64/gcc/10.3.0/bin/../lib/gcc/x86_64-pc-linux-gnu/10.3.0/:/yellow/usr/projects/hpcsoft/toss3/common/x86_64/gcc/10.3.0/bin/../lib/gcc/:/yellow/usr/projects/hpcsoft/toss3/common/x86_64/gcc/10.3.0/bin/../lib/gcc/x86_64-pc-linux-gnu/10.3.0/../../../../lib64/:/lib/../lib64/:/usr/lib/../lib64/:/yellow/usr/projects/hpcsoft/toss3/common/x86_64/gcc/10.3.0/bin/../lib/gcc/x86_64-pc-linux-gnu/10.3.0/../../../:/lib/:/usr/lib/]
  ignore line: [COLLECT_GCC_OPTIONS='-v' '-o' 'cmTC_042f7' '-shared-libgcc' '-mtune=generic' '-march=x86-64']
  link line: [ /yellow/usr/projects/hpcsoft/toss3/common/x86_64/gcc/10.3.0/bin/../libexec/gcc/x86_64-pc-linux-gnu/10.3.0/collect2 -plugin /yellow/usr/projects/hpcsoft/toss3/common/x86_64/gcc/10.3.0/bin/../libexec/gcc/x86_64-pc-linux-gnu/10.3.0/liblto_plugin.so -plugin-opt=/yellow/usr/projects/hpcsoft/toss3/common/x86_64/gcc/10.3.0/bin/../libexec/gcc/x86_64-pc-linux-gnu/10.3.0/lto-wrapper -plugin-opt=-fresolution=/tmp/ccyaiceN.res -plugin-opt=-pass-through=-lgcc_s -plugin-opt=-pass-through=-lgcc -plugin-opt=-pass-through=-lc -plugin-opt=-pass-through=-lgcc_s -plugin-opt=-pass-through=-lgcc --eh-frame-hdr -m elf_x86_64 -dynamic-linker /lib64/ld-linux-x86-64.so.2 -o cmTC_042f7 /lib/../lib64/crt1.o /lib/../lib64/crti.o /yellow/usr/projects/hpcsoft/toss3/common/x86_64/gcc/10.3.0/bin/../lib/gcc/x86_64-pc-linux-gnu/10.3.0/crtbegin.o -L/yellow/usr/projects/hpcsoft/toss3/common/x86_64/gcc/10.3.0/bin/../lib/gcc/x86_64-pc-linux-gnu/10.3.0 -L/yellow/usr/projects/hpcsoft/toss3/common/x86_64/gcc/10.3.0/bin/../lib/gcc -L/yellow/usr/projects/hpcsoft/toss3/common/x86_64/gcc/10.3.0/bin/../lib/gcc/x86_64-pc-linux-gnu/10.3.0/../../../../lib64 -L/lib/../lib64 -L/usr/lib/../lib64 -L/yellow/usr/projects/hpcsoft/toss3/common/x86_64/gcc/10.3.0/bin/../lib/gcc/x86_64-pc-linux-gnu/10.3.0/../../.. CMakeFiles/cmTC_042f7.dir/CMakeCXXCompilerABI.cpp.o -lstdc++ -lm -lgcc_s -lgcc -lc -lgcc_s -lgcc /yellow/usr/projects/hpcsoft/toss3/common/x86_64/gcc/10.3.0/bin/../lib/gcc/x86_64-pc-linux-gnu/10.3.0/crtend.o /lib/../lib64/crtn.o]
    arg [/yellow/usr/projects/hpcsoft/toss3/common/x86_64/gcc/10.3.0/bin/../libexec/gcc/x86_64-pc-linux-gnu/10.3.0/collect2] ==> ignore
    arg [-plugin] ==> ignore
    arg [/yellow/usr/projects/hpcsoft/toss3/common/x86_64/gcc/10.3.0/bin/../libexec/gcc/x86_64-pc-linux-gnu/10.3.0/liblto_plugin.so] ==> ignore
    arg [-plugin-opt=/yellow/usr/projects/hpcsoft/toss3/common/x86_64/gcc/10.3.0/bin/../libexec/gcc/x86_64-pc-linux-gnu/10.3.0/lto-wrapper] ==> ignore
    arg [-plugin-opt=-fresolution=/tmp/ccyaiceN.res] ==> ignore
    arg [-plugin-opt=-pass-through=-lgcc_s] ==> ignore
    arg [-plugin-opt=-pass-through=-lgcc] ==> ignore
    arg [-plugin-opt=-pass-through=-lc] ==> ignore
    arg [-plugin-opt=-pass-through=-lgcc_s] ==> ignore
    arg [-plugin-opt=-pass-through=-lgcc] ==> ignore
    arg [--eh-frame-hdr] ==> ignore
    arg [-m] ==> ignore
    arg [elf_x86_64] ==> ignore
    arg [-dynamic-linker] ==> ignore
    arg [/lib64/ld-linux-x86-64.so.2] ==> ignore
    arg [-o] ==> ignore
    arg [cmTC_042f7] ==> ignore
    arg [/lib/../lib64/crt1.o] ==> obj [/lib/../lib64/crt1.o]
    arg [/lib/../lib64/crti.o] ==> obj [/lib/../lib64/crti.o]
    arg [/yellow/usr/projects/hpcsoft/toss3/common/x86_64/gcc/10.3.0/bin/../lib/gcc/x86_64-pc-linux-gnu/10.3.0/crtbegin.o] ==> obj [/yellow/usr/projects/hpcsoft/toss3/common/x86_64/gcc/10.3.0/bin/../lib/gcc/x86_64-pc-linux-gnu/10.3.0/crtbegin.o]
    arg [-L/yellow/usr/projects/hpcsoft/toss3/common/x86_64/gcc/10.3.0/bin/../lib/gcc/x86_64-pc-linux-gnu/10.3.0] ==> dir [/yellow/usr/projects/hpcsoft/toss3/common/x86_64/gcc/10.3.0/bin/../lib/gcc/x86_64-pc-linux-gnu/10.3.0]
    arg [-L/yellow/usr/projects/hpcsoft/toss3/common/x86_64/gcc/10.3.0/bin/../lib/gcc] ==> dir [/yellow/usr/projects/hpcsoft/toss3/common/x86_64/gcc/10.3.0/bin/../lib/gcc]
    arg [-L/yellow/usr/projects/hpcsoft/toss3/common/x86_64/gcc/10.3.0/bin/../lib/gcc/x86_64-pc-linux-gnu/10.3.0/../../../../lib64] ==> dir [/yellow/usr/projects/hpcsoft/toss3/common/x86_64/gcc/10.3.0/bin/../lib/gcc/x86_64-pc-linux-gnu/10.3.0/../../../../lib64]
    arg [-L/lib/../lib64] ==> dir [/lib/../lib64]
    arg [-L/usr/lib/../lib64] ==> dir [/usr/lib/../lib64]
    arg [-L/yellow/usr/projects/hpcsoft/toss3/common/x86_64/gcc/10.3.0/bin/../lib/gcc/x86_64-pc-linux-gnu/10.3.0/../../..] ==> dir [/yellow/usr/projects/hpcsoft/toss3/common/x86_64/gcc/10.3.0/bin/../lib/gcc/x86_64-pc-linux-gnu/10.3.0/../../..]
    arg [CMakeFiles/cmTC_042f7.dir/CMakeCXXCompilerABI.cpp.o] ==> ignore
    arg [-lstdc++] ==> lib [stdc++]
    arg [-lm] ==> lib [m]
    arg [-lgcc_s] ==> lib [gcc_s]
    arg [-lgcc] ==> lib [gcc]
    arg [-lc] ==> lib [c]
    arg [-lgcc_s] ==> lib [gcc_s]
    arg [-lgcc] ==> lib [gcc]
    arg [/yellow/usr/projects/hpcsoft/toss3/common/x86_64/gcc/10.3.0/bin/../lib/gcc/x86_64-pc-linux-gnu/10.3.0/crtend.o] ==> obj [/yellow/usr/projects/hpcsoft/toss3/common/x86_64/gcc/10.3.0/bin/../lib/gcc/x86_64-pc-linux-gnu/10.3.0/crtend.o]
    arg [/lib/../lib64/crtn.o] ==> obj [/lib/../lib64/crtn.o]
  collapse obj [/lib/../lib64/crt1.o] ==> [/lib64/crt1.o]
  collapse obj [/lib/../lib64/crti.o] ==> [/lib64/crti.o]
  collapse obj [/yellow/usr/projects/hpcsoft/toss3/common/x86_64/gcc/10.3.0/bin/../lib/gcc/x86_64-pc-linux-gnu/10.3.0/crtbegin.o] ==> [/yellow/usr/projects/hpcsoft/toss3/common/x86_64/gcc/10.3.0/lib/gcc/x86_64-pc-linux-gnu/10.3.0/crtbegin.o]
  collapse obj [/yellow/usr/projects/hpcsoft/toss3/common/x86_64/gcc/10.3.0/bin/../lib/gcc/x86_64-pc-linux-gnu/10.3.0/crtend.o] ==> [/yellow/usr/projects/hpcsoft/toss3/common/x86_64/gcc/10.3.0/lib/gcc/x86_64-pc-linux-gnu/10.3.0/crtend.o]
  collapse obj [/lib/../lib64/crtn.o] ==> [/lib64/crtn.o]
  collapse library dir [/yellow/usr/projects/hpcsoft/toss3/common/x86_64/gcc/10.3.0/bin/../lib/gcc/x86_64-pc-linux-gnu/10.3.0] ==> [/yellow/usr/projects/hpcsoft/toss3/common/x86_64/gcc/10.3.0/lib/gcc/x86_64-pc-linux-gnu/10.3.0]
  collapse library dir [/yellow/usr/projects/hpcsoft/toss3/common/x86_64/gcc/10.3.0/bin/../lib/gcc] ==> [/yellow/usr/projects/hpcsoft/toss3/common/x86_64/gcc/10.3.0/lib/gcc]
  collapse library dir [/yellow/usr/projects/hpcsoft/toss3/common/x86_64/gcc/10.3.0/bin/../lib/gcc/x86_64-pc-linux-gnu/10.3.0/../../../../lib64] ==> [/yellow/usr/projects/hpcsoft/toss3/common/x86_64/gcc/10.3.0/lib64]
  collapse library dir [/lib/../lib64] ==> [/lib64]
  collapse library dir [/usr/lib/../lib64] ==> [/usr/lib64]
  collapse library dir [/yellow/usr/projects/hpcsoft/toss3/common/x86_64/gcc/10.3.0/bin/../lib/gcc/x86_64-pc-linux-gnu/10.3.0/../../..] ==> [/yellow/usr/projects/hpcsoft/toss3/common/x86_64/gcc/10.3.0/lib]
  implicit libs: [stdc++;m;gcc_s;gcc;c;gcc_s;gcc]
  implicit objs: [/lib64/crt1.o;/lib64/crti.o;/yellow/usr/projects/hpcsoft/toss3/common/x86_64/gcc/10.3.0/lib/gcc/x86_64-pc-linux-gnu/10.3.0/crtbegin.o;/yellow/usr/projects/hpcsoft/toss3/common/x86_64/gcc/10.3.0/lib/gcc/x86_64-pc-linux-gnu/10.3.0/crtend.o;/lib64/crtn.o]
  implicit dirs: [/yellow/usr/projects/hpcsoft/toss3/common/x86_64/gcc/10.3.0/lib/gcc/x86_64-pc-linux-gnu/10.3.0;/yellow/usr/projects/hpcsoft/toss3/common/x86_64/gcc/10.3.0/lib/gcc;/yellow/usr/projects/hpcsoft/toss3/common/x86_64/gcc/10.3.0/lib64;/lib64;/usr/lib64;/yellow/usr/projects/hpcsoft/toss3/common/x86_64/gcc/10.3.0/lib]
  implicit fwks: []


